\BOOKMARK [0][-]{chapter.1}{\376\377\000P\000r\000e\000f\000a\000c\000i\000o}{}% 1
\BOOKMARK [0][-]{chapter.2}{\376\377\000C\000l\000a\000s\000e\000\040\000I\000\040\000-\000\040\0002\0003\000/\0000\0008\000\040}{}% 2
\BOOKMARK [1][-]{section.2.1}{\376\377\000R\000e\000p\000a\000s\000o\000\040\000d\000e\000\040\000f\000u\000n\000c\000i\000o\000n\000e\000s}{chapter.2}% 3
\BOOKMARK [2][-]{subsection.2.1.1}{\376\377\000P\000r\000o\000p\000i\000e\000d\000a\000d\000e\000s}{section.2.1}% 4
\BOOKMARK [2][-]{subsection.2.1.2}{\376\377\000F\000u\000n\000c\000i\000\363\000n\000\040\000i\000n\000v\000e\000r\000s\000a}{section.2.1}% 5
\BOOKMARK [2][-]{subsection.2.1.3}{\376\377\000C\000o\000m\000p\000o\000s\000i\000c\000i\000\363\000n\000\040\000d\000e\000\040\000f\000u\000n\000c\000i\000o\000n\000e\000s}{section.2.1}% 6
\BOOKMARK [2][-]{subsection.2.1.4}{\376\377\000F\000a\000m\000i\000l\000i\000a\000\040\000d\000e\000\040\000f\000u\000n\000c\000i\000o\000n\000e\000s}{section.2.1}% 7
\BOOKMARK [1][-]{section.2.2}{\376\377\000N\000\372\000m\000e\000r\000o\000s\000\040\000n\000a\000t\000u\000r\000a\000l\000e\000s}{chapter.2}% 8
\BOOKMARK [1][-]{section.2.3}{\376\377\000C\000u\000e\000r\000p\000o}{chapter.2}% 9
\BOOKMARK [2][-]{subsection.2.3.1}{\376\377\000A\000x\000i\000o\000m\000a\000s\000\040\000d\000e\000\040\000l\000a\000\040\000s\000u\000m\000a}{section.2.3}% 10
\BOOKMARK [2][-]{subsection.2.3.2}{\376\377\000A\000x\000i\000o\000m\000a\000s\000\040\000d\000e\000l\000\040\000p\000r\000o\000d\000u\000c\000t\000o}{section.2.3}% 11
\BOOKMARK [2][-]{subsection.2.3.3}{\376\377\000C\000u\000e\000r\000p\000o\000s\000\040\000O\000r\000d\000e\000n\000a\000d\000o\000s}{section.2.3}% 12
\BOOKMARK [0][-]{chapter.3}{\376\377\000C\000l\000a\000s\000e\000\040\000I\000I\000\040\000-\000\040\0002\0007\000/\0000\0008}{}% 13
\BOOKMARK [1][-]{section.3.1}{\376\377\000C\000u\000e\000r\000p\000o\000\040\000A\000r\000q\000u\000i\000m\000e\000d\000i\000a\000n\000o}{chapter.3}% 14
\BOOKMARK [1][-]{section.3.2}{\376\377\000S\000u\000p\000r\000e\000m\000o\000\040\000e\000\040\000\355\000n\000f\000i\000m\000o}{chapter.3}% 15
\BOOKMARK [1][-]{section.3.3}{\376\377\000C\000u\000e\000r\000p\000o\000\040\000c\000o\000m\000p\000l\000e\000t\000o}{chapter.3}% 16
\BOOKMARK [1][-]{section.3.4}{\376\377\000C\000a\000r\000d\000i\000n\000a\000l\000i\000d\000a\000d\000\040\000-\000\040\000i\000n\000t\000r\000o\000d\000u\000c\000c\000i\000\363\000n}{chapter.3}% 17
\BOOKMARK [0][-]{chapter.4}{\376\377\000C\000l\000a\000s\000e\000\040\000I\000I\000I\000\040\000-\000\040\0003\0000\000/\0000\0008}{}% 18
\BOOKMARK [1][-]{section.4.1}{\376\377\000C\000o\000n\000j\000u\000n\000t\000o\000s\000\040\000n\000u\000m\000e\000r\000a\000b\000l\000e\000s}{chapter.4}% 19
\BOOKMARK [1][-]{section.4.2}{\376\377\000C\000a\000n\000t\000o\000r\000\040\000-\000\040\000S\000c\000h\000r\000\366\000d\000e\000r\000\040\000-\000\040\000B\000e\000r\000n\000s\000t\000e\000i\000n}{chapter.4}% 20
\BOOKMARK [1][-]{section.4.3}{\376\377\000L\000o\000s\000\040\000R\000e\000a\000l\000e\000s\000\040\000s\000o\000n\000\040\000n\000o\000\040\000n\000u\000m\000e\000r\000a\000b\000l\000e\000s}{chapter.4}% 21
\BOOKMARK [2][-]{subsection.4.3.1}{\376\377\000P\000r\000i\000n\000c\000i\000p\000i\000o\000\040\000d\000e\000\040\000e\000n\000c\000a\000j\000e\000\040\000d\000e\000\040\000I\000n\000t\000e\000r\000v\000a\000l\000o\000s}{section.4.3}% 22
\BOOKMARK [1][-]{section.4.4}{\376\377\000P\000r\000o\000p\000i\000e\000d\000a\000d\000e\000s}{chapter.4}% 23
\BOOKMARK [0][-]{chapter.5}{\376\377\000C\000l\000a\000s\000e\000\040\000I\000V\000\040\000-\000\040\0000\0003\000/\0000\0009}{}% 24
\BOOKMARK [1][-]{section.5.1}{\376\377\000O\000p\000e\000r\000a\000c\000i\000o\000n\000e\000s\000\040\000c\000o\000n\000\040\000c\000a\000r\000d\000i\000n\000a\000l\000e\000s}{chapter.5}% 25
\BOOKMARK [1][-]{section.5.2}{\376\377\000H\000i\000p\000\363\000t\000e\000s\000i\000s\000\040\000d\000e\000l\000\040\000c\000o\000n\000t\000i\000n\000u\000o}{chapter.5}% 26
\BOOKMARK [1][-]{section.5.3}{\376\377\000C\000o\000n\000s\000t\000r\000u\000c\000c\000i\000\363\000n\000\040\000d\000e\000\040\000l\000o\000s\000\040\000R\000e\000a\000l\000e\000s}{chapter.5}% 27
\BOOKMARK [0][-]{chapter.6}{\376\377\000C\000l\000a\000s\000e\000\040\000V\000\040\000-\000\040\0000\0006\000/\0000\0009}{}% 28
\BOOKMARK [1][-]{section.6.1}{\376\377\000C\000o\000n\000s\000t\000r\000u\000c\000c\000i\000\363\000n\000\040\000d\000e\000\040\000l\000o\000s\000\040\000R\000e\000a\000l\000e\000s}{chapter.6}% 29
\BOOKMARK [1][-]{section.6.2}{\376\377\000C\000u\000e\000r\000p\000o\000\040\000o\000r\000d\000e\000n\000a\000d\000o}{chapter.6}% 30
\BOOKMARK [1][-]{section.6.3}{\376\377\000R\000\040\000t\000i\000e\000n\000e\000\040\000l\000a\000\040\000p\000r\000o\000p\000i\000e\000d\000a\000d\000\040\000d\000e\000l\000\040\000s\000u\000p\000r\000e\000m\000o}{chapter.6}% 31
\BOOKMARK [0][-]{chapter.7}{\376\377\000C\000l\000a\000s\000e\000\040\000V\000I\000\040\000-\000\040\0001\0000\000/\0000\0009}{}% 32
\BOOKMARK [1][-]{section.7.1}{\376\377\000S\000u\000c\000e\000s\000i\000o\000n\000e\000s}{chapter.7}% 33
\BOOKMARK [1][-]{section.7.2}{\376\377\000P\000r\000o\000p\000i\000e\000d\000a\000d\000e\000s\000\040\000d\000e\000\040\000l\000\355\000m\000i\000t\000e\000s}{chapter.7}% 34
\BOOKMARK [1][-]{section.7.3}{\376\377\000E\000j\000e\000m\000p\000l\000o\000\040\000s\000u\000b\000s\000u\000c\000e\000s\000i\000o\000n\000e\000s}{chapter.7}% 35
\BOOKMARK [1][-]{section.7.4}{\376\377\000P\000u\000n\000t\000o\000\040\000d\000e\000\040\000a\000c\000u\000m\000u\000l\000a\000c\000i\000\363\000n}{chapter.7}% 36
\BOOKMARK [0][-]{chapter.8}{\376\377\000C\000l\000a\000s\000e\000\040\000V\000I\000I\000\040\000-\000\040\0001\0003\000/\0000\0009}{}% 37
\BOOKMARK [1][-]{section.8.1}{\376\377\000L\000\355\000m\000i\000t\000e\000\040\000s\000u\000p\000e\000r\000i\000o\000r\000\040\000e\000\040\000i\000n\000f\000e\000r\000i\000o\000r}{chapter.8}% 38
\BOOKMARK [1][-]{section.8.2}{\376\377\000S\000u\000c\000e\000s\000i\000o\000n\000e\000s\000\040\000d\000e\000\040\000C\000a\000u\000c\000h\000y}{chapter.8}% 39
\BOOKMARK [1][-]{section.8.3}{\376\377\000L\000\355\000m\000i\000t\000e\000s\000\040\000i\000n\000f\000i\000n\000i\000t\000o\000s}{chapter.8}% 40
\BOOKMARK [1][-]{section.8.4}{\376\377\000S\000e\000r\000i\000e\000s\000\040\000n\000u\000m\000\351\000r\000i\000c\000a\000s}{chapter.8}% 41
\BOOKMARK [0][-]{chapter.9}{\376\377\000C\000l\000a\000s\000e\000\040\000V\000I\000I\000I\000\040\000-\000\040\0002\0004\000/\0000\0009}{}% 42
\BOOKMARK [1][-]{section.9.1}{\376\377\000E\000j\000e\000m\000p\000l\000o\000\040\000d\000e\000\040\000c\000o\000n\000v\000e\000r\000g\000e\000n\000c\000i\000a\000\040\000c\000o\000n\000d\000i\000c\000i\000o\000n\000a\000l}{chapter.9}% 43
\BOOKMARK [1][-]{section.9.2}{\376\377\000C\000o\000r\000o\000l\000a\000r\000i\000o\000s\000\040\000d\000e\000\040\000s\000e\000r\000i\000e\000s}{chapter.9}% 44
\BOOKMARK [1][-]{section.9.3}{\376\377\000C\000r\000i\000t\000e\000r\000i\000o\000s\000\040\000d\000e\000\040\000c\000o\000n\000v\000e\000r\000g\000e\000n\000c\000i\000a}{chapter.9}% 45
\BOOKMARK [2][-]{subsection.9.3.1}{\376\377\000C\000r\000i\000t\000e\000r\000i\000o\000\040\000d\000e\000\040\000l\000a\000\040\000r\000a\000\355\000z}{section.9.3}% 46
\BOOKMARK [2][-]{subsection.9.3.2}{\376\377\000C\000r\000i\000t\000e\000r\000i\000o\000\040\000d\000e\000l\000\040\000c\000o\000c\000i\000e\000n\000t\000e\000\040\000y\000\040\000D\000'\000A\000l\000e\000m\000b\000e\000r\000t}{section.9.3}% 47
\BOOKMARK [2][-]{subsection.9.3.3}{\376\377\000C\000r\000i\000t\000e\000r\000i\000o\000\040\000d\000e\000\040\000D\000i\000r\000i\000c\000h\000l\000e\000t\000\040\000-\000\040\000A\000b\000e\000l}{section.9.3}% 48
\BOOKMARK [1][-]{section.9.4}{\376\377\000P\000a\000r\000t\000e\000\040\000p\000o\000s\000i\000t\000i\000v\000a\000\040\000y\000\040\000n\000e\000g\000a\000t\000i\000v\000a}{chapter.9}% 49
\BOOKMARK [1][-]{section.9.5}{\376\377\000R\000e\000o\000r\000d\000e\000n\000a\000m\000i\000e\000n\000t\000o\000s}{chapter.9}% 50
\BOOKMARK [0][-]{chapter.10}{\376\377\000C\000l\000a\000s\000e\000\040\000I\000X\000\040\000-\000\040\0002\0007\000/\0000\0009}{}% 51
\BOOKMARK [1][-]{section.10.1}{\376\377\000\050\000C\000o\000n\000t\000i\000n\000u\000a\000c\000i\000\363\000n\000\051\000\040\000R\000e\000o\000r\000d\000e\000n\000a\000m\000i\000e\000n\000t\000o\000s}{chapter.10}% 52
\BOOKMARK [1][-]{section.10.2}{\376\377\000T\000o\000p\000o\000l\000o\000g\000\355\000a\000\040\000E\000u\000c\000l\000\355\000d\000e\000a}{chapter.10}% 53
\BOOKMARK [2][-]{subsection.10.2.1}{\376\377\000C\000o\000n\000j\000u\000n\000t\000o\000s\000\040\000a\000b\000i\000e\000r\000t\000o\000s}{section.10.2}% 54
\BOOKMARK [2][-]{subsection.10.2.2}{\376\377\000I\000n\000t\000e\000r\000i\000o\000r\000\040\000d\000e\000\040\000u\000n\000\040\000c\000o\000n\000j\000u\000n\000t\000o}{section.10.2}% 55
\BOOKMARK [1][-]{section.10.3}{\376\377\000E\000n\000t\000o\000r\000n\000o}{chapter.10}% 56
\BOOKMARK [1][-]{section.10.4}{\376\377\000C\000o\000n\000j\000u\000n\000t\000o\000\040\000C\000e\000r\000r\000a\000d\000o}{chapter.10}% 57
\BOOKMARK [2][-]{subsection.10.4.1}{\376\377\000C\000l\000a\000u\000s\000u\000r\000a}{section.10.4}% 58
\BOOKMARK [0][-]{chapter.11}{\376\377\000C\000l\000a\000s\000e\000\040\000X\000\040\000-\000\040\0000\0001\000/\0001\0000}{}% 59
\BOOKMARK [1][-]{section.11.1}{\376\377\000\050\000C\000o\000n\000t\000i\000n\000u\000a\000c\000i\000\363\000n\000\051\000\040\000C\000l\000a\000u\000s\000u\000r\000a}{chapter.11}% 60
\BOOKMARK [1][-]{section.11.2}{\376\377\000P\000u\000n\000t\000o\000\040\000d\000e\000\040\000a\000c\000u\000m\000u\000l\000a\000c\000i\000\363\000n}{chapter.11}% 61
\BOOKMARK [1][-]{section.11.3}{\376\377\000S\000u\000c\000e\000s\000i\000o\000n\000e\000s\000\040\000e\000n\000\040\000v\000a\000r\000i\000a\000s\000\040\000d\000i\000m\000e\000n\000s\000i\000o\000n\000e\000s}{chapter.11}% 62
\BOOKMARK [1][-]{section.11.4}{\376\377\000C\000o\000n\000j\000u\000n\000t\000o\000s\000\040\000c\000o\000m\000p\000a\000c\000t\000o\000s}{chapter.11}% 63
\BOOKMARK [0][-]{chapter.12}{\376\377\000C\000l\000a\000s\000e\000\040\000X\000I\000\040\000-\000\040\0000\0004\000/\0001\0000}{}% 64
\BOOKMARK [1][-]{section.12.1}{\376\377\000C\000o\000r\000o\000l\000a\000r\000i\000o\000s\000\040\000C\000o\000n\000j\000u\000n\000t\000o\000s\000\040\000C\000o\000m\000p\000a\000c\000t\000o\000s}{chapter.12}% 65
\BOOKMARK [1][-]{section.12.2}{\376\377\000P\000r\000o\000p\000i\000e\000d\000a\000d\000e\000s\000\040\000d\000e\000\040\000l\000\355\000m\000i\000t\000e\000s}{chapter.12}% 66
